0 614
0 0.9803918186
1 0.0033256525
2 0.0014135971
3 0.0009946204
4 0.0007408858
5 0.0005903386
6 0.0004914729
7 0.0004208856
8 0.0003678456
9 0.0003265654
10 0.0002935428
11 0.0002665284
12 0.0002440182
13 0.0002249716
14 0.0002086460
15 0.0001944973
16 0.0001821174
17 0.0001711941
18 0.0001614847
19 0.0001527976
20 0.0001449793
21 0.0001379058
22 0.0001314755
23 0.0001256045
24 0.0001202229
25 0.0001152720
26 0.0001107021
27 0.0001064708
28 0.0001025418
29 0.0000988840
30 0.0000954701
31 0.0000922766
32 0.0000892828
33 0.0000864705
34 0.0000838238
35 0.0000813284
36 0.0000789717
37 0.0000767425
38 0.0000746308
39 0.0000726274
40 0.0000707243
41 0.0000689141
42 0.0000671902
43 0.0000655465
44 0.0000639777
45 0.0000624786
46 0.0000610448
47 0.0000596721
48 0.0000583566
49 0.0000570950
50 0.0000558838
51 0.0000547203
52 0.0000536015
53 0.0000525250
54 0.0000514885
55 0.0000504897
56 0.0000495266
57 0.0000485974
58 0.0000477003
59 0.0000468337
60 0.0000459960
61 0.0000451859
62 0.0000444019
63 0.0000436429
64 0.0000429076
65 0.0000421951
66 0.0000415041
67 0.0000408339
68 0.0000401834
69 0.0000395518
70 0.0000389383
71 0.0000383422
72 0.0000377626
73 0.0000371990
74 0.0000366507
75 0.0000361170
76 0.0000355974
77 0.0000350913
78 0.0000345983
79 0.0000341178
80 0.0000336494
81 0.0000331926
82 0.0000327469
83 0.0000323120
84 0.0000318876
85 0.0000314731
86 0.0000310683
87 0.0000306729
88 0.0000302865
89 0.0000299089
90 0.0000295396
91 0.0000291785
92 0.0000288253
93 0.0000284798
94 0.0000281416
95 0.0000278105
96 0.0000274865
97 0.0000271691
98 0.0000268582
99 0.0000265537
100 0.0000262552
101 0.0000259628
102 0.0000256760
103 0.0000253949
104 0.0000251193
105 0.0000248489
106 0.0000245836
107 0.0000243234
108 0.0000240679
109 0.0000238172
110 0.0000235711
111 0.0000233295
112 0.0000230922
113 0.0000228591
114 0.0000226302
115 0.0000224053
116 0.0000221842
117 0.0000219670
118 0.0000217535
119 0.0000215436
120 0.0000213372
121 0.0000211343
122 0.0000209347
123 0.0000207384
124 0.0000205453
125 0.0000203553
126 0.0000201684
127 0.0000199844
128 0.0000198033
129 0.0000196251
130 0.0000194496
131 0.0000192768
132 0.0000191067
133 0.0000189392
134 0.0000187741
135 0.0000186116
136 0.0000184515
137 0.0000182937
138 0.0000181382
139 0.0000179850
140 0.0000178340
141 0.0000176852
142 0.0000175385
143 0.0000173939
144 0.0000172513
145 0.0000171107
146 0.0000169720
147 0.0000168353
148 0.0000167004
149 0.0000165674
150 0.0000164361
151 0.0000163066
152 0.0000161789
153 0.0000160528
154 0.0000159284
155 0.0000158056
156 0.0000156844
157 0.0000155648
158 0.0000154467
159 0.0000153301
160 0.0000152150
161 0.0000151014
162 0.0000149892
163 0.0000148783
164 0.0000147689
165 0.0000146607
166 0.0000145540
167 0.0000144485
168 0.0000143442
169 0.0000142413
170 0.0000141395
171 0.0000140390
172 0.0000139397
173 0.0000138415
174 0.0000137445
175 0.0000136486
176 0.0000135538
177 0.0000134601
178 0.0000133675
179 0.0000132759
180 0.0000131854
181 0.0000130959
182 0.0000130073
183 0.0000129198
184 0.0000128333
185 0.0000127477
186 0.0000126630
187 0.0000125792
188 0.0000124964
189 0.0000124145
190 0.0000123334
191 0.0000122532
192 0.0000121738
193 0.0000120953
194 0.0000120177
195 0.0000119408
196 0.0000118647
197 0.0000117894
198 0.0000117149
199 0.0000116412
200 0.0000115682
201 0.0000114960
202 0.0000114245
203 0.0000113537
204 0.0000112836
205 0.0000112142
206 0.0000111455
207 0.0000110775
208 0.0000110102
209 0.0000109435
210 0.0000108775
211 0.0000108121
212 0.0000107473
213 0.0000106832
214 0.0000106197
215 0.0000105567
216 0.0000104944
217 0.0000104327
218 0.0000103715
219 0.0000103110
220 0.0000102510
221 0.0000101915
222 0.0000101326
223 0.0000100742
224 0.0000100164
225 0.0000099591
226 0.0000099024
227 0.0000098461
228 0.0000097903
229 0.0000097351
230 0.0000096803
231 0.0000096261
232 0.0000095723
233 0.0000095190
234 0.0000094661
235 0.0000094137
236 0.0000093618
237 0.0000093103
238 0.0000092593
239 0.0000092087
240 0.0000091586
241 0.0000091088
242 0.0000090595
243 0.0000090107
244 0.0000089622
245 0.0000089142
246 0.0000088665
247 0.0000088192
248 0.0000087724
249 0.0000087259
250 0.0000086798
251 0.0000086341
252 0.0000085888
253 0.0000085438
254 0.0000084992
255 0.0000084550
256 0.0000084111
257 0.0000083676
258 0.0000083244
259 0.0000082816
260 0.0000082391
261 0.0000081970
262 0.0000081551
263 0.0000081137
264 0.0000080725
265 0.0000080317
266 0.0000079911
267 0.0000079509
268 0.0000079110
269 0.0000078715
270 0.0000078322
271 0.0000077932
272 0.0000077545
273 0.0000077161
274 0.0000076781
275 0.0000076402
276 0.0000076027
277 0.0000075655
278 0.0000075285
279 0.0000074919
280 0.0000074554
281 0.0000074193
282 0.0000073834
283 0.0000073478
284 0.0000073125
285 0.0000072774
286 0.0000072426
287 0.0000072080
288 0.0000071737
289 0.0000071396
290 0.0000071057
291 0.0000070722
292 0.0000070388
293 0.0000070057
294 0.0000069728
295 0.0000069402
296 0.0000069078
297 0.0000068756
298 0.0000068436
299 0.0000068119
300 0.0000067804
301 0.0000067491
302 0.0000067180
303 0.0000066872
304 0.0000066565
305 0.0000066261
306 0.0000065958
307 0.0000065658
308 0.0000065360
309 0.0000065064
310 0.0000064770
311 0.0000064478
312 0.0000064188
313 0.0000063899
314 0.0000063613
315 0.0000063329
316 0.0000063046
317 0.0000062766
318 0.0000062487
319 0.0000062210
320 0.0000061935
321 0.0000061662
322 0.0000061390
323 0.0000061121
324 0.0000060853
325 0.0000060586
326 0.0000060322
327 0.0000060059
328 0.0000059798
329 0.0000059539
330 0.0000059281
331 0.0000059025
332 0.0000058771
333 0.0000058518
334 0.0000058267
335 0.0000058017
336 0.0000057769
337 0.0000057522
338 0.0000057277
339 0.0000057034
340 0.0000056792
341 0.0000056552
342 0.0000056313
343 0.0000056075
344 0.0000055839
345 0.0000055605
346 0.0000055372
347 0.0000055140
348 0.0000054910
349 0.0000054681
350 0.0000054454
351 0.0000054228
352 0.0000054003
353 0.0000053780
354 0.0000053558
355 0.0000053337
356 0.0000053118
357 0.0000052900
358 0.0000052683
359 0.0000052468
360 0.0000052253
361 0.0000052041
362 0.0000051829
363 0.0000051619
364 0.0000051409
365 0.0000051202
366 0.0000050995
367 0.0000050789
368 0.0000050585
369 0.0000050382
370 0.0000050180
371 0.0000049979
372 0.0000049780
373 0.0000049581
374 0.0000049384
375 0.0000049188
376 0.0000048993
377 0.0000048799
378 0.0000048606
379 0.0000048414
380 0.0000048223
381 0.0000048034
382 0.0000047845
383 0.0000047658
384 0.0000047471
385 0.0000047286
386 0.0000047102
387 0.0000046918
388 0.0000046736
389 0.0000046555
390 0.0000046375
391 0.0000046195
392 0.0000046017
393 0.0000045840
394 0.0000045663
395 0.0000045488
396 0.0000045314
397 0.0000045140
398 0.0000044968
399 0.0000044796
400 0.0000044625
401 0.0000044456
402 0.0000044287
403 0.0000044119
404 0.0000043952
405 0.0000043786
406 0.0000043621
407 0.0000043456
408 0.0000043293
409 0.0000043130
410 0.0000042968
411 0.0000042807
412 0.0000042647
413 0.0000042488
414 0.0000042330
415 0.0000042172
416 0.0000042016
417 0.0000041860
418 0.0000041705
419 0.0000041550
420 0.0000041397
421 0.0000041244
422 0.0000041092
423 0.0000040941
424 0.0000040791
425 0.0000040642
426 0.0000040493
427 0.0000040345
428 0.0000040198
429 0.0000040051
430 0.0000039905
431 0.0000039760
432 0.0000039616
433 0.0000039473
434 0.0000039330
435 0.0000039188
436 0.0000039046
437 0.0000038906
438 0.0000038766
439 0.0000038626
440 0.0000038488
441 0.0000038350
442 0.0000038213
443 0.0000038076
444 0.0000037941
445 0.0000037805
446 0.0000037671
447 0.0000037537
448 0.0000037404
449 0.0000037271
450 0.0000037139
451 0.0000037008
452 0.0000036878
453 0.0000036748
454 0.0000036618
455 0.0000036490
456 0.0000036362
457 0.0000036234
458 0.0000036108
459 0.0000035981
460 0.0000035856
461 0.0000035731
462 0.0000035606
463 0.0000035483
464 0.0000035359
465 0.0000035237
466 0.0000035115
467 0.0000034993
468 0.0000034873
469 0.0000034752
470 0.0000034633
471 0.0000034513
472 0.0000034395
473 0.0000034277
474 0.0000034159
475 0.0000034042
476 0.0000033926
477 0.0000033810
478 0.0000033695
479 0.0000033580
480 0.0000033466
481 0.0000033352
482 0.0000033239
483 0.0000033126
484 0.0000033014
485 0.0000032903
486 0.0000032792
487 0.0000032681
488 0.0000032571
489 0.0000032461
490 0.0000032352
491 0.0000032244
492 0.0000032136
493 0.0000032028
494 0.0000031921
495 0.0000031815
496 0.0000031709
497 0.0000031603
498 0.0000031498
499 0.0000031393
500 0.0000031289
501 0.0000031185
502 0.0000031082
503 0.0000030979
504 0.0000030877
505 0.0000030775
506 0.0000030673
507 0.0000030572
508 0.0000030472
509 0.0000030372
510 0.0000030272
511 0.0000030173
512 0.0000030074
513 0.0000029976
514 0.0000029878
515 0.0000029781
516 0.0000029684
517 0.0000029587
518 0.0000029491
519 0.0000029395
520 0.0000029300
521 0.0000029205
522 0.0000029110
523 0.0000029016
524 0.0000028923
525 0.0000028829
526 0.0000028737
527 0.0000028644
528 0.0000028552
529 0.0000028460
530 0.0000028369
531 0.0000028278
532 0.0000028188
533 0.0000028098
534 0.0000028008
535 0.0000027919
536 0.0000027830
537 0.0000027741
538 0.0000027653
539 0.0000027565
540 0.0000027478
541 0.0000027391
542 0.0000027304
543 0.0000027218
544 0.0000027132
545 0.0000027046
546 0.0000026961
547 0.0000026876
548 0.0000026791
549 0.0000026707
550 0.0000026623
551 0.0000026540
552 0.0000026457
553 0.0000026374
554 0.0000026292
555 0.0000026209
556 0.0000026128
557 0.0000026046
558 0.0000025965
559 0.0000025884
560 0.0000025804
561 0.0000025724
562 0.0000025644
563 0.0000025565
564 0.0000025486
565 0.0000025407
566 0.0000025329
567 0.0000025251
568 0.0000025173
569 0.0000025095
570 0.0000025018
571 0.0000024941
572 0.0000024865
573 0.0000024789
574 0.0000024713
575 0.0000024637
576 0.0000024562
577 0.0000024487
578 0.0000024412
579 0.0000024338
580 0.0000024264
581 0.0000024190
582 0.0000024116
583 0.0000024043
584 0.0000023970
585 0.0000023898
586 0.0000023825
587 0.0000023753
588 0.0000023682
589 0.0000023610
590 0.0000023539
591 0.0000023468
592 0.0000023398
593 0.0000023327
594 0.0000023257
595 0.0000023187
596 0.0000023118
597 0.0000023049
598 0.0000022980
599 0.0000022911
600 0.0000022843
601 0.0000022775
602 0.0000022707
603 0.0000022639
604 0.0000022572
605 0.0000022505
606 0.0000022438
607 0.0000022371
608 0.0000022305
609 0.0000022239
610 0.0000022173
611 0.0000022108
612 0.0000022043
613 0.0000021977
614 0.0000021913
