1 614
0 0.9814719130
1 0.0033397736
2 0.0014184463
3 0.0009973460
4 0.0007423560
5 0.0005910741
6 0.0004917243
7 0.0004207911
8 0.0003674922
9 0.0003260116
10 0.0002928295
11 0.0002656853
12 0.0002430676
13 0.0002239306
14 0.0002075282
15 0.0001933134
16 0.0001808761
17 0.0001699026
18 0.0001601491
19 0.0001514229
20 0.0001435698
21 0.0001364652
22 0.0001300070
23 0.0001241109
24 0.0001187066
25 0.0001137350
26 0.0001091464
27 0.0001048980
28 0.0001009535
29 0.0000972815
30 0.0000938546
31 0.0000906492
32 0.0000876444
33 0.0000848221
34 0.0000821662
35 0.0000796623
36 0.0000772979
37 0.0000750616
38 0.0000729432
39 0.0000709338
40 0.0000690251
41 0.0000672099
42 0.0000654813
43 0.0000638334
44 0.0000622606
45 0.0000607580
46 0.0000593209
47 0.0000579453
48 0.0000566272
49 0.0000553631
50 0.0000541498
51 0.0000529843
52 0.0000518639
53 0.0000507859
54 0.0000497481
55 0.0000487482
56 0.0000477842
57 0.0000468542
58 0.0000459565
59 0.0000450894
60 0.0000442513
61 0.0000434410
62 0.0000426569
63 0.0000418979
64 0.0000411629
65 0.0000404506
66 0.0000397600
67 0.0000390902
68 0.0000384403
69 0.0000378094
70 0.0000371966
71 0.0000366013
72 0.0000360226
73 0.0000354600
74 0.0000349127
75 0.0000343801
76 0.0000338617
77 0.0000333569
78 0.0000328652
79 0.0000323861
80 0.0000319190
81 0.0000314637
82 0.0000310195
83 0.0000305862
84 0.0000301634
85 0.0000297506
86 0.0000293476
87 0.0000289539
88 0.0000285693
89 0.0000281935
90 0.0000278261
91 0.0000274669
92 0.0000271156
93 0.0000267720
94 0.0000264359
95 0.0000261069
96 0.0000257849
97 0.0000254696
98 0.0000251609
99 0.0000248585
100 0.0000245622
101 0.0000242720
102 0.0000239875
103 0.0000237086
104 0.0000234352
105 0.0000231671
106 0.0000229042
107 0.0000226463
108 0.0000223932
109 0.0000221449
110 0.0000219012
111 0.0000216620
112 0.0000214272
113 0.0000211965
114 0.0000209701
115 0.0000207476
116 0.0000205291
117 0.0000203144
118 0.0000201034
119 0.0000198961
120 0.0000196923
121 0.0000194919
122 0.0000192949
123 0.0000191012
124 0.0000189107
125 0.0000187234
126 0.0000185390
127 0.0000183577
128 0.0000181793
129 0.0000180037
130 0.0000178309
131 0.0000176608
132 0.0000174934
133 0.0000173285
134 0.0000171662
135 0.0000170064
136 0.0000168490
137 0.0000166940
138 0.0000165412
139 0.0000163908
140 0.0000162426
141 0.0000160965
142 0.0000159526
143 0.0000158107
144 0.0000156709
145 0.0000155331
146 0.0000153972
147 0.0000152633
148 0.0000151312
149 0.0000150010
150 0.0000148725
151 0.0000147459
152 0.0000146209
153 0.0000144977
154 0.0000143761
155 0.0000142562
156 0.0000141378
157 0.0000140210
158 0.0000139058
159 0.0000137921
160 0.0000136798
161 0.0000135690
162 0.0000134597
163 0.0000133517
164 0.0000132451
165 0.0000131399
166 0.0000130359
167 0.0000129333
168 0.0000128320
169 0.0000127319
170 0.0000126331
171 0.0000125354
172 0.0000124390
173 0.0000123437
174 0.0000122496
175 0.0000121565
176 0.0000120647
177 0.0000119739
178 0.0000118841
179 0.0000117954
180 0.0000117078
181 0.0000116212
182 0.0000115356
183 0.0000114509
184 0.0000113673
185 0.0000112846
186 0.0000112028
187 0.0000111220
188 0.0000110420
189 0.0000109630
190 0.0000108848
191 0.0000108075
192 0.0000107311
193 0.0000106555
194 0.0000105807
195 0.0000105068
196 0.0000104336
197 0.0000103612
198 0.0000102897
199 0.0000102188
200 0.0000101487
201 0.0000100794
202 0.0000100108
203 0.0000099429
204 0.0000098757
205 0.0000098093
206 0.0000097435
207 0.0000096784
208 0.0000096139
209 0.0000095502
210 0.0000094870
211 0.0000094246
212 0.0000093627
213 0.0000093015
214 0.0000092408
215 0.0000091808
216 0.0000091214
217 0.0000090626
218 0.0000090043
219 0.0000089466
220 0.0000088895
221 0.0000088330
222 0.0000087770
223 0.0000087215
224 0.0000086665
225 0.0000086121
226 0.0000085583
227 0.0000085049
228 0.0000084520
229 0.0000083996
230 0.0000083478
231 0.0000082964
232 0.0000082455
233 0.0000081950
234 0.0000081451
235 0.0000080956
236 0.0000080465
237 0.0000079979
238 0.0000079498
239 0.0000079020
240 0.0000078548
241 0.0000078079
242 0.0000077615
243 0.0000077154
244 0.0000076698
245 0.0000076246
246 0.0000075798
247 0.0000075354
248 0.0000074914
249 0.0000074478
250 0.0000074046
251 0.0000073617
252 0.0000073192
253 0.0000072771
254 0.0000072354
255 0.0000071940
256 0.0000071529
257 0.0000071122
258 0.0000070719
259 0.0000070319
260 0.0000069922
261 0.0000069529
262 0.0000069139
263 0.0000068753
264 0.0000068369
265 0.0000067989
266 0.0000067612
267 0.0000067238
268 0.0000066867
269 0.0000066500
270 0.0000066135
271 0.0000065773
272 0.0000065414
273 0.0000065059
274 0.0000064706
275 0.0000064356
276 0.0000064008
277 0.0000063664
278 0.0000063322
279 0.0000062983
280 0.0000062647
281 0.0000062313
282 0.0000061982
283 0.0000061654
284 0.0000061328
285 0.0000061005
286 0.0000060685
287 0.0000060367
288 0.0000060051
289 0.0000059738
290 0.0000059427
291 0.0000059119
292 0.0000058813
293 0.0000058509
294 0.0000058208
295 0.0000057909
296 0.0000057612
297 0.0000057318
298 0.0000057026
299 0.0000056736
300 0.0000056448
301 0.0000056162
302 0.0000055879
303 0.0000055598
304 0.0000055318
305 0.0000055041
306 0.0000054766
307 0.0000054493
308 0.0000054222
309 0.0000053953
310 0.0000053686
311 0.0000053421
312 0.0000053158
313 0.0000052897
314 0.0000052637
315 0.0000052380
316 0.0000052124
317 0.0000051871
318 0.0000051619
319 0.0000051369
320 0.0000051121
321 0.0000050874
322 0.0000050629
323 0.0000050386
324 0.0000050145
325 0.0000049906
326 0.0000049668
327 0.0000049432
328 0.0000049197
329 0.0000048964
330 0.0000048733
331 0.0000048504
332 0.0000048276
333 0.0000048049
334 0.0000047825
335 0.0000047601
336 0.0000047380
337 0.0000047159
338 0.0000046941
339 0.0000046724
340 0.0000046508
341 0.0000046294
342 0.0000046081
343 0.0000045870
344 0.0000045660
345 0.0000045452
346 0.0000045245
347 0.0000045039
348 0.0000044835
349 0.0000044632
350 0.0000044431
351 0.0000044231
352 0.0000044032
353 0.0000043834
354 0.0000043638
355 0.0000043443
356 0.0000043250
357 0.0000043058
358 0.0000042867
359 0.0000042677
360 0.0000042488
361 0.0000042301
362 0.0000042115
363 0.0000041931
364 0.0000041747
365 0.0000041565
366 0.0000041383
367 0.0000041203
368 0.0000041025
369 0.0000040847
370 0.0000040670
371 0.0000040495
372 0.0000040321
373 0.0000040147
374 0.0000039975
375 0.0000039804
376 0.0000039635
377 0.0000039466
378 0.0000039298
379 0.0000039132
380 0.0000038966
381 0.0000038801
382 0.0000038638
383 0.0000038475
384 0.0000038314
385 0.0000038154
386 0.0000037994
387 0.0000037836
388 0.0000037678
389 0.0000037522
390 0.0000037366
391 0.0000037212
392 0.0000037058
393 0.0000036906
394 0.0000036754
395 0.0000036603
396 0.0000036453
397 0.0000036305
398 0.0000036157
399 0.0000036010
400 0.0000035863
401 0.0000035718
402 0.0000035574
403 0.0000035430
404 0.0000035288
405 0.0000035146
406 0.0000035005
407 0.0000034865
408 0.0000034726
409 0.0000034587
410 0.0000034450
411 0.0000034313
412 0.0000034177
413 0.0000034042
414 0.0000033908
415 0.0000033774
416 0.0000033641
417 0.0000033510
418 0.0000033378
419 0.0000033248
420 0.0000033119
421 0.0000032990
422 0.0000032862
423 0.0000032734
424 0.0000032608
425 0.0000032482
426 0.0000032357
427 0.0000032233
428 0.0000032109
429 0.0000031986
430 0.0000031864
431 0.0000031743
432 0.0000031622
433 0.0000031502
434 0.0000031382
435 0.0000031264
436 0.0000031146
437 0.0000031028
438 0.0000030912
439 0.0000030796
440 0.0000030681
441 0.0000030566
442 0.0000030452
443 0.0000030339
444 0.0000030226
445 0.0000030114
446 0.0000030003
447 0.0000029892
448 0.0000029782
449 0.0000029672
450 0.0000029563
451 0.0000029455
452 0.0000029347
453 0.0000029240
454 0.0000029134
455 0.0000029028
456 0.0000028923
457 0.0000028818
458 0.0000028714
459 0.0000028611
460 0.0000028507
461 0.0000028405
462 0.0000028303
463 0.0000028202
464 0.0000028101
465 0.0000028001
466 0.0000027902
467 0.0000027803
468 0.0000027704
469 0.0000027607
470 0.0000027509
471 0.0000027412
472 0.0000027316
473 0.0000027220
474 0.0000027125
475 0.0000027030
476 0.0000026936
477 0.0000026842
478 0.0000026749
479 0.0000026656
480 0.0000026564
481 0.0000026472
482 0.0000026381
483 0.0000026291
484 0.0000026200
485 0.0000026111
486 0.0000026021
487 0.0000025933
488 0.0000025844
489 0.0000025757
490 0.0000025669
491 0.0000025582
492 0.0000025496
493 0.0000025410
494 0.0000025324
495 0.0000025239
496 0.0000025155
497 0.0000025071
498 0.0000024987
499 0.0000024904
500 0.0000024821
501 0.0000024739
502 0.0000024656
503 0.0000024575
504 0.0000024494
505 0.0000024413
506 0.0000024333
507 0.0000024253
508 0.0000024174
509 0.0000024095
510 0.0000024016
511 0.0000023938
512 0.0000023860
513 0.0000023783
514 0.0000023706
515 0.0000023629
516 0.0000023553
517 0.0000023477
518 0.0000023402
519 0.0000023327
520 0.0000023252
521 0.0000023178
522 0.0000023104
523 0.0000023031
524 0.0000022957
525 0.0000022885
526 0.0000022812
527 0.0000022740
528 0.0000022669
529 0.0000022597
530 0.0000022526
531 0.0000022456
532 0.0000022385
533 0.0000022315
534 0.0000022246
535 0.0000022177
536 0.0000022108
537 0.0000022039
538 0.0000021971
539 0.0000021903
540 0.0000021836
541 0.0000021769
542 0.0000021702
543 0.0000021635
544 0.0000021569
545 0.0000021503
546 0.0000021438
547 0.0000021372
548 0.0000021307
549 0.0000021243
550 0.0000021178
551 0.0000021114
552 0.0000021050
553 0.0000020987
554 0.0000020924
555 0.0000020861
556 0.0000020798
557 0.0000020736
558 0.0000020674
559 0.0000020612
560 0.0000020551
561 0.0000020489
562 0.0000020429
563 0.0000020368
564 0.0000020307
565 0.0000020247
566 0.0000020187
567 0.0000020127
568 0.0000020068
569 0.0000020009
570 0.0000019950
571 0.0000019891
572 0.0000019832
573 0.0000019774
574 0.0000019716
575 0.0000019658
576 0.0000019600
577 0.0000019542
578 0.0000019485
579 0.0000019428
580 0.0000019370
581 0.0000019313
582 0.0000019256
583 0.0000019199
584 0.0000019143
585 0.0000019086
586 0.0000019029
587 0.0000018972
588 0.0000018916
589 0.0000018859
590 0.0000018802
591 0.0000018745
592 0.0000018688
593 0.0000018630
594 0.0000018572
595 0.0000018513
596 0.0000018454
597 0.0000018394
598 0.0000018334
599 0.0000018272
600 0.0000018208
601 0.0000018143
602 0.0000018075
603 0.0000018004
604 0.0000017929
605 0.0000017848
606 0.0000017759
607 0.0000017659
608 0.0000017542
609 0.0000017396
610 0.0000017201
611 0.0000016918
612 0.0000016374
613 0.0000014579
614 0.0000000000
